0 info it worked if it ends with ok
1 verbose cli [ 'C:\\Program Files\\nodejs\\node.exe',
1 verbose cli   'C:\\Users\\Harsha\\AppData\\Roaming\\npm\\node_modules\\npm\\bin\\npm-cli.js',
1 verbose cli   'publish',
1 verbose cli   './' ]
2 info using npm@4.1.2
3 info using node@v6.9.1
4 verbose publish [ './' ]
5 silly cache add args [ './', null ]
6 verbose cache add spec ./
7 silly cache add parsed spec Result {
7 silly cache add   raw: './',
7 silly cache add   scope: null,
7 silly cache add   escapedName: null,
7 silly cache add   name: null,
7 silly cache add   rawSpec: './',
7 silly cache add   spec: 'F:\\Collaborizm\\collaborizm_scripts\\cfm',
7 silly cache add   type: 'directory' }
8 verbose addLocalDirectory C:\Users\Harsha\AppData\Roaming\npm-cache\cfm\1.0.0\package.tgz not in flight; packing
9 verbose correctMkdir C:\Users\Harsha\AppData\Roaming\npm-cache correctMkdir not in flight; initializing
10 info lifecycle cfm@1.0.0~prepublish: cfm@1.0.0
11 silly lifecycle cfm@1.0.0~prepublish: no script for prepublish, continuing
12 info lifecycle cfm@1.0.0~prepare: cfm@1.0.0
13 silly lifecycle cfm@1.0.0~prepare: no script for prepare, continuing
14 verbose tar pack [ 'C:\\Users\\Harsha\\AppData\\Roaming\\npm-cache\\cfm\\1.0.0\\package.tgz',
14 verbose tar pack   'F:\\Collaborizm\\collaborizm_scripts\\cfm' ]
15 verbose tarball C:\Users\Harsha\AppData\Roaming\npm-cache\cfm\1.0.0\package.tgz
16 verbose folder F:\Collaborizm\collaborizm_scripts\cfm
17 verbose addLocalTarball adding from inside cache C:\Users\Harsha\AppData\Roaming\npm-cache\cfm\1.0.0\package.tgz
18 verbose correctMkdir C:\Users\Harsha\AppData\Roaming\npm-cache correctMkdir not in flight; initializing
19 silly cache afterAdd cfm@1.0.0
20 verbose afterAdd C:\Users\Harsha\AppData\Roaming\npm-cache\cfm\1.0.0\package\package.json not in flight; writing
21 verbose correctMkdir C:\Users\Harsha\AppData\Roaming\npm-cache correctMkdir not in flight; initializing
22 verbose afterAdd C:\Users\Harsha\AppData\Roaming\npm-cache\cfm\1.0.0\package\package.json written
23 silly publish { name: 'cfm',
23 silly publish   version: '1.0.0',
23 silly publish   description: 'Collaborizm Flavoured Markdown, i.e, Markdown used on Collaborizm.com',
23 silly publish   main: './lib/index.js',
23 silly publish   scripts:
23 silly publish    { build: 'babel src -d lib',
23 silly publish      postbuild: 'uglifycss --output ./css/style.css ./src_css/style.css',
23 silly publish      min: 'babel src -d lib --presets=babili',
23 silly publish      postmin: 'uglifycss --output ./css/style.css ./src_css/style.css',
23 silly publish      test: 'mocha --compilers js:babel-core/register --reporter spec' },
23 silly publish   repository: { type: 'git', url: 'git+https://github.com/aharshac/cfm.git' },
23 silly publish   keywords: [ 'markdown', 'collaborizm', 'nodejs' ],
23 silly publish   author: { name: 'Harsha Alva' },
23 silly publish   license: 'MIT',
23 silly publish   bugs: { url: 'https://github.com/aharshac/cfm/issues' },
23 silly publish   homepage: 'https://github.com/aharshac/cfm#readme',
23 silly publish   dependencies:
23 silly publish    { 'markdown-it': '^8.3.1',
23 silly publish      'markdown-it-emoji': '^1.4.0',
23 silly publish      'markdown-it-task-lists': '^2.0.1',
23 silly publish      prismjs: '^1.6.0' },
23 silly publish   devDependencies:
23 silly publish    { 'babel-cli': '^6.24.1',
23 silly publish      'babel-core': '^6.25.0',
23 silly publish      'babel-eslint': '^7.2.3',
23 silly publish      'babel-plugin-transform-es2015-destructuring': '^6.23.0',
23 silly publish      'babel-plugin-transform-object-rest-spread': '^6.23.0',
23 silly publish      'babel-preset-es2015': '^6.24.1',
23 silly publish      babili: '^0.1.3',
23 silly publish      eslint: '^4.0.0',
23 silly publish      'power-assert': '^1.4.4',
23 silly publish      uglifycss: '0.0.27' },
23 silly publish   readme: '# CFM - Collaborizm Flavoured Markdown\r\n\r\n[![Collaborizm](https://img.shields.io/badge/Collaborizm-Join%20now-blue.svg)](https://www.collaborizm.com/) [![Build Status](https://travis-ci.org/aharshac/react-relative-time.svg?branch=master)](https://travis-ci.org/aharshac/react-relative-time)    \r\n\r\n[![NPM](https://nodei.co/npm/react-relative-time.png?mini=true)](https://nodei.co/npm/react-relative-time/)\r\n\r\n\r\nReact Component for rendering relative dates as `<time>` HTML5 element and preserving machine readable format in `datetime`\r\nattribute.\r\n\r\nDoes not depend on [**moment.js**](https://github.com/moment/moment)\r\n\r\n&nbsp;\r\n\r\n## Acknowledgement\r\nThis module was inspired by a few awesome open source projects.\r\n* [**moment.js**](https://github.com/moment/moment)\r\n* [**react-time**](https://github.com/andreypopp/react-time)\r\n* [**timeago**](http://timeago.yarp.com/)\r\n\r\n&nbsp;\r\n\r\n## Installation\r\n```\r\nnpm install react-relative-time\r\n```  \r\n\r\n&nbsp;\r\n\r\n## Usage\r\n\r\n```jsx\r\nimport React from \'react\'\r\nimport RelativeTime from \'react-relative-time\'\r\n\r\nclass MyComponent extends React.Component {\r\n\r\n  render() {\r\n    let now = new Date()\r\n    let wasDate = new Date("Thu Jul 18 2013 15:48:59 GMT+0400")\r\n    return (\r\n      <div>\r\n        <p><RelativeTime value={1492630940000} titleFormat="YYYY/MM/DD HH:mm" /></p>\r\n        <p><RelativeTime value="1970-01-01T00:00:00Z" titleformat="iso8601" /></p>\r\n        <p><RelativeTime value={new Date(2017, 3, 19, 22, 33, 44, 666)} /></p>\r\n      </div>\r\n    )\r\n  }\r\n}\r\n```\r\n\r\n&nbsp;\r\n\r\n## Reference\r\n### Attribute `value`\r\nThe input date and time, which will be displayed in relative terms to the present date and time.\r\n\r\nSupported types:\r\n* *Date* object   \r\n  `new Date(2017, 3, 19, 22, 33, 44, 666)`\r\n\r\n* *number* - UNIX timestamp in milliseconds   \r\n  `1492630940000`\r\n\r\n* *string* - ISO-8601 date string   \r\n  `1970-01-01T00:00:00Z`\r\n\r\n### Attribute `titleFormat`\r\nThe specifier for the date and time format to be shown in the `title` attribute.    \r\nDefault: `iso8601`.\r\n\r\nSupported formats:\r\n* `iso8601` - ISO-8601 date string\r\n* *Custom string placeholders*.   \r\n  Replaces with numbered date/time. Text like "Sunday", "Mon", etc. are not supported.   \r\n  Ex: `YYYY/MM/DD HH:mm`    \r\n\r\nSupported number placeholders:\r\n```\r\nM = month\r\nD = date\r\nH = hour\r\nm = minute\r\ns = second\r\n```\r\n',
23 silly publish   readmeFilename: 'README.md',
23 silly publish   _id: 'cfm@1.0.0',
23 silly publish   _shasum: 'ab036fa0c9674407362e3429f8d5d28fc2dae6dd',
23 silly publish   _from: '.' }
24 info lifecycle cfm@1.0.0~prepublishOnly: cfm@1.0.0
25 silly lifecycle cfm@1.0.0~prepublishOnly: no script for prepublishOnly, continuing
26 verbose getPublishConfig undefined
27 silly mapToRegistry name cfm
28 silly mapToRegistry using default registry
29 silly mapToRegistry registry https://registry.npmjs.org/
30 silly mapToRegistry data Result {
30 silly mapToRegistry   raw: 'cfm',
30 silly mapToRegistry   scope: null,
30 silly mapToRegistry   escapedName: 'cfm',
30 silly mapToRegistry   name: 'cfm',
30 silly mapToRegistry   rawSpec: '',
30 silly mapToRegistry   spec: 'latest',
30 silly mapToRegistry   type: 'tag' }
31 silly mapToRegistry uri https://registry.npmjs.org/cfm
32 verbose publish registryBase https://registry.npmjs.org/
33 silly publish uploading C:\Users\Harsha\AppData\Roaming\npm-cache\cfm\1.0.0\package.tgz
34 verbose request uri https://registry.npmjs.org/cfm
35 verbose request sending authorization for write operation
36 info attempt registry request try #1 at 2:53:30 AM
37 verbose request using bearer token for auth
38 verbose request id 487139d7da6ab73b
39 http request PUT https://registry.npmjs.org/cfm
40 http 403 https://registry.npmjs.org/cfm
41 verbose headers { 'content-type': 'application/json',
41 verbose headers   'cache-control': 'max-age=300',
41 verbose headers   'content-length': '97',
41 verbose headers   'accept-ranges': 'bytes',
41 verbose headers   date: 'Tue, 20 Jun 2017 21:23:58 GMT',
41 verbose headers   via: '1.1 varnish',
41 verbose headers   connection: 'keep-alive',
41 verbose headers   'x-served-by': 'cache-sin18031-SIN',
41 verbose headers   'x-cache': 'MISS',
41 verbose headers   'x-cache-hits': '0',
41 verbose headers   'x-timer': 'S1497993837.147117,VS0,VE889',
41 verbose headers   vary: 'Accept-Encoding' }
42 verbose request invalidating C:\Users\Harsha\AppData\Roaming\npm-cache\registry.npmjs.org\cfm on PUT
43 error publish Failed PUT 403
44 verbose stack Error: you do not have permission to publish "cfm". Are you logged in as the correct user? : cfm
44 verbose stack     at makeError (C:\Users\Harsha\AppData\Roaming\npm\node_modules\npm\node_modules\npm-registry-client\lib\request.js:304:12)
44 verbose stack     at CachingRegistryClient.<anonymous> (C:\Users\Harsha\AppData\Roaming\npm\node_modules\npm\node_modules\npm-registry-client\lib\request.js:292:14)
44 verbose stack     at Request._callback (C:\Users\Harsha\AppData\Roaming\npm\node_modules\npm\node_modules\npm-registry-client\lib\request.js:212:14)
44 verbose stack     at Request.self.callback (C:\Users\Harsha\AppData\Roaming\npm\node_modules\npm\node_modules\request\request.js:186:22)
44 verbose stack     at emitTwo (events.js:106:13)
44 verbose stack     at Request.emit (events.js:191:7)
44 verbose stack     at Request.<anonymous> (C:\Users\Harsha\AppData\Roaming\npm\node_modules\npm\node_modules\request\request.js:1081:10)
44 verbose stack     at emitOne (events.js:96:13)
44 verbose stack     at Request.emit (events.js:188:7)
44 verbose stack     at IncomingMessage.<anonymous> (C:\Users\Harsha\AppData\Roaming\npm\node_modules\npm\node_modules\request\request.js:1001:12)
45 verbose statusCode 403
46 verbose pkgid cfm
47 verbose cwd F:\Collaborizm\collaborizm_scripts\cfm
48 error Windows_NT 6.2.9200
49 error argv "C:\\Program Files\\nodejs\\node.exe" "C:\\Users\\Harsha\\AppData\\Roaming\\npm\\node_modules\\npm\\bin\\npm-cli.js" "publish" "./"
50 error node v6.9.1
51 error npm  v4.1.2
52 error code E403
53 error you do not have permission to publish "cfm". Are you logged in as the correct user? : cfm
54 error If you need help, you may report this error at:
54 error     <https://github.com/npm/npm/issues>
55 verbose exit [ 1, true ]
